# JRE version: OpenJDK Runtime Environment Temurin-21.0.6+7 (21.0.6+7) (build 21.0.6+7-LTS)
# Java VM: OpenJDK 64-Bit Server VM Temurin-21.0.6+7 (21.0.6+7-LTS, mixed mode, sharing, tiered, compressed oops, compressed class ptrs, parallel gc, windows-amd64)
GC Precious Log:
 CardTable entry size: 512
 CPUs: 4 total, 4 available
 Memory: 3982M
 Large Page Support: Disabled
 NUMA Support: Disabled
 Compressed Oops: Enabled (32-bit)
 Alignments: Space 512K, Generation 512K, Heap 2M
 Heap Min Capacity: 100M
 Heap Initial Capacity: 100M
 Heap Max Capacity: 1G
 Pre-touch: Disabled
 Parallel Workers: 4
Heap:
 PSYoungGen      total 1536K, used 1260K [0x00000000eab00000, 0x00000000ead80000, 0x0000000100000000)
  eden space 1024K, 98% used [0x00000000eab00000,0x00000000eabfb130,0x00000000eac00000)
  from space 512K, 50% used [0x00000000eac80000,0x00000000eacc0000,0x00000000ead00000)
  to   space 512K, 43% used [0x00000000ead00000,0x00000000ead38000,0x00000000ead80000)
 ParOldGen       total 386048K, used 385569K [0x00000000c0000000, 0x00000000d7900000, 0x00000000eab00000)
  object space 386048K, 99% used [0x00000000c0000000,0x00000000d78885b0,0x00000000d7900000)
 Metaspace       used 59845K, committed 61312K, reserved 1114112K
  class space    used 6221K, committed 6848K, reserved 1048576K
GC Heap History (20 events):
Event: 128.152 GC heap before
{Heap before GC invocations=380 (full 3):
 PSYoungGen      total 1536K, used 1504K [0x00000000eab00000, 0x00000000ead00000, 0x0000000100000000)
  eden space 1024K, 100% used [0x00000000eab00000,0x00000000eac00000,0x00000000eac00000)
  from space 512K, 93% used [0x00000000eac80000,0x00000000eacf8000,0x00000000ead00000)
  to   space 512K, 0% used [0x00000000eac00000,0x00000000eac00000,0x00000000eac80000)
 ParOldGen       total 378368K, used 378062K [0x00000000c0000000, 0x00000000d7180000, 0x00000000eab00000)
  object space 378368K, 99% used [0x00000000c0000000,0x00000000d7133ac0,0x00000000d7180000)
 Metaspace       used 59823K, committed 61248K, reserved 1114112K
  class space    used 6219K, committed 6848K, reserved 1048576K
}
Event: 128.157 GC heap after
{Heap after GC invocations=380 (full 3):
 PSYoungGen      total 1536K, used 512K [0x00000000eab00000, 0x00000000eaf00000, 0x0000000100000000)
  eden space 1024K, 0% used [0x00000000eab00000,0x00000000eab00000,0x00000000eac00000)
  from space 512K, 100% used [0x00000000eac00000,0x00000000eac80000,0x00000000eac80000)
  to   space 1536K, 0% used [0x00000000ead80000,0x00000000ead80000,0x00000000eaf00000)
 ParOldGen       total 378880K, used 378653K [0x00000000c0000000, 0x00000000d7200000, 0x00000000eab00000)
  object space 378880K, 99% used [0x00000000c0000000,0x00000000d71c7568,0x00000000d7200000)
 Metaspace       used 59823K, committed 61248K, reserved 1114112K
  class space    used 6219K, committed 6848K, reserved 1048576K
}
Event: 128.204 GC heap before
{Heap before GC invocations=381 (full 3):
 PSYoungGen      total 1536K, used 1536K [0x00000000eab00000, 0x00000000eaf00000, 0x0000000100000000)
  eden space 1024K, 100% used [0x00000000eab00000,0x00000000eac00000,0x00000000eac00000)
  from space 512K, 100% used [0x00000000eac00000,0x00000000eac80000,0x00000000eac80000)
  to   space 1536K, 0% used [0x00000000ead80000,0x00000000ead80000,0x00000000eaf00000)
 ParOldGen       total 378880K, used 378653K [0x00000000c0000000, 0x00000000d7200000, 0x00000000eab00000)
  object space 378880K, 99% used [0x00000000c0000000,0x00000000d71c7568,0x00000000d7200000)
 Metaspace       used 59823K, committed 61248K, reserved 1114112K
  class space    used 6219K, committed 6848K, reserved 1048576K
}
Event: 128.209 GC heap after
{Heap after GC invocations=381 (full 3):
 PSYoungGen      total 2048K, used 736K [0x00000000eab00000, 0x00000000eae80000, 0x0000000100000000)
  eden space 1024K, 0% used [0x00000000eab00000,0x00000000eab00000,0x00000000eac00000)
  from space 1024K, 71% used [0x00000000ead80000,0x00000000eae38000,0x00000000eae80000)
  to   space 1024K, 0% used [0x00000000eac80000,0x00000000eac80000,0x00000000ead80000)
 ParOldGen       total 379392K, used 379189K [0x00000000c0000000, 0x00000000d7280000, 0x00000000eab00000)
  object space 379392K, 99% used [0x00000000c0000000,0x00000000d724d568,0x00000000d7280000)
 Metaspace       used 59823K, committed 61248K, reserved 1114112K
  class space    used 6219K, committed 6848K, reserved 1048576K
}
Event: 128.241 GC heap before
{Heap before GC invocations=382 (full 3):
 PSYoungGen      total 2048K, used 1760K [0x00000000eab00000, 0x00000000eae80000, 0x0000000100000000)
  eden space 1024K, 100% used [0x00000000eab00000,0x00000000eac00000,0x00000000eac00000)
  from space 1024K, 71% used [0x00000000ead80000,0x00000000eae38000,0x00000000eae80000)
  to   space 1024K, 0% used [0x00000000eac80000,0x00000000eac80000,0x00000000ead80000)
 ParOldGen       total 379392K, used 379189K [0x00000000c0000000, 0x00000000d7280000, 0x00000000eab00000)
  object space 379392K, 99% used [0x00000000c0000000,0x00000000d724d568,0x00000000d7280000)
 Metaspace       used 59823K, committed 61248K, reserved 1114112K
  class space    used 6219K, committed 6848K, reserved 1048576K
}
Event: 128.249 GC heap after
{Heap after GC invocations=382 (full 3):
 PSYoungGen      total 2048K, used 640K [0x00000000eab00000, 0x00000000eae00000, 0x0000000100000000)
  eden space 1024K, 0% used [0x00000000eab00000,0x00000000eab00000,0x00000000eac00000)
  from space 1024K, 62% used [0x00000000eac80000,0x00000000ead20000,0x00000000ead80000)
  to   space 512K, 0% used [0x00000000ead80000,0x00000000ead80000,0x00000000eae00000)
 ParOldGen       total 379904K, used 379869K [0x00000000c0000000, 0x00000000d7300000, 0x00000000eab00000)
  object space 379904K, 99% used [0x00000000c0000000,0x00000000d72f7568,0x00000000d7300000)
 Metaspace       used 59823K, committed 61248K, reserved 1114112K
  class space    used 6219K, committed 6848K, reserved 1048576K
}
Event: 128.297 GC heap before
{Heap before GC invocations=383 (full 3):
 PSYoungGen      total 2048K, used 1664K [0x00000000eab00000, 0x00000000eae00000, 0x0000000100000000)
  eden space 1024K, 100% used [0x00000000eab00000,0x00000000eac00000,0x00000000eac00000)
  from space 1024K, 62% used [0x00000000eac80000,0x00000000ead20000,0x00000000ead80000)
  to   space 512K, 0% used [0x00000000ead80000,0x00000000ead80000,0x00000000eae00000)
 ParOldGen       total 379904K, used 379869K [0x00000000c0000000, 0x00000000d7300000, 0x00000000eab00000)
  object space 379904K, 99% used [0x00000000c0000000,0x00000000d72f7568,0x00000000d7300000)
 Metaspace       used 59823K, committed 61248K, reserved 1114112K
  class space    used 6219K, committed 6848K, reserved 1048576K
}
Event: 128.306 GC heap after
{Heap after GC invocations=383 (full 3):
 PSYoungGen      total 1536K, used 512K [0x00000000eab00000, 0x00000000eaf00000, 0x0000000100000000)
  eden space 1024K, 0% used [0x00000000eab00000,0x00000000eab00000,0x00000000eac00000)
  from space 512K, 100% used [0x00000000ead80000,0x00000000eae00000,0x00000000eae00000)
  to   space 1536K, 0% used [0x00000000eac00000,0x00000000eac00000,0x00000000ead80000)
 ParOldGen       total 380928K, used 380525K [0x00000000c0000000, 0x00000000d7400000, 0x00000000eab00000)
  object space 380928K, 99% used [0x00000000c0000000,0x00000000d739b568,0x00000000d7400000)
 Metaspace       used 59823K, committed 61248K, reserved 1114112K
  class space    used 6219K, committed 6848K, reserved 1048576K
}
Event: 128.741 GC heap before
{Heap before GC invocations=384 (full 3):
 PSYoungGen      total 1536K, used 1536K [0x00000000eab00000, 0x00000000eaf00000, 0x0000000100000000)
  eden space 1024K, 100% used [0x00000000eab00000,0x00000000eac00000,0x00000000eac00000)
  from space 512K, 100% used [0x00000000ead80000,0x00000000eae00000,0x00000000eae00000)
  to   space 1536K, 0% used [0x00000000eac00000,0x00000000eac00000,0x00000000ead80000)
 ParOldGen       total 380928K, used 380525K [0x00000000c0000000, 0x00000000d7400000, 0x00000000eab00000)
  object space 380928K, 99% used [0x00000000c0000000,0x00000000d739b568,0x00000000d7400000)
 Metaspace       used 59823K, committed 61248K, reserved 1114112K
  class space    used 6219K, committed 6848K, reserved 1048576K
}
Event: 128.749 GC heap after
{Heap after GC invocations=384 (full 3):
 PSYoungGen      total 2048K, used 896K [0x00000000eab00000, 0x00000000eae00000, 0x0000000100000000)
  eden space 1024K, 0% used [0x00000000eab00000,0x00000000eab00000,0x00000000eac00000)
  from space 1024K, 87% used [0x00000000eac00000,0x00000000eace0000,0x00000000ead00000)
  to   space 1024K, 0% used [0x00000000ead00000,0x00000000ead00000,0x00000000eae00000)
 ParOldGen       total 381440K, used 381045K [0x00000000c0000000, 0x00000000d7480000, 0x00000000eab00000)
  object space 381440K, 99% used [0x00000000c0000000,0x00000000d741d568,0x00000000d7480000)
 Metaspace       used 59823K, committed 61248K, reserved 1114112K
  class space    used 6219K, committed 6848K, reserved 1048576K
}
Event: 128.777 GC heap before
{Heap before GC invocations=385 (full 3):
 PSYoungGen      total 2048K, used 1920K [0x00000000eab00000, 0x00000000eae00000, 0x0000000100000000)
  eden space 1024K, 100% used [0x00000000eab00000,0x00000000eac00000,0x00000000eac00000)
  from space 1024K, 87% used [0x00000000eac00000,0x00000000eace0000,0x00000000ead00000)
  to   space 1024K, 0% used [0x00000000ead00000,0x00000000ead00000,0x00000000eae00000)
 ParOldGen       total 381440K, used 381045K [0x00000000c0000000, 0x00000000d7480000, 0x00000000eab00000)
  object space 381440K, 99% used [0x00000000c0000000,0x00000000d741d568,0x00000000d7480000)
 Metaspace       used 59823K, committed 61248K, reserved 1114112K
  class space    used 6219K, committed 6848K, reserved 1048576K
}
Event: 128.792 GC heap after
{Heap after GC invocations=385 (full 3):
 PSYoungGen      total 2048K, used 832K [0x00000000eab00000, 0x00000000eae00000, 0x0000000100000000)
  eden space 1024K, 0% used [0x00000000eab00000,0x00000000eab00000,0x00000000eac00000)
  from space 1024K, 81% used [0x00000000ead00000,0x00000000eadd0000,0x00000000eae00000)
  to   space 1024K, 0% used [0x00000000eac00000,0x00000000eac00000,0x00000000ead00000)
 ParOldGen       total 381952K, used 381861K [0x00000000c0000000, 0x00000000d7500000, 0x00000000eab00000)
  object space 381952K, 99% used [0x00000000c0000000,0x00000000d74e9568,0x00000000d7500000)
 Metaspace       used 59823K, committed 61248K, reserved 1114112K
  class space    used 6219K, committed 6848K, reserved 1048576K
}
Event: 129.754 GC heap before
{Heap before GC invocations=386 (full 3):
 PSYoungGen      total 2048K, used 1856K [0x00000000eab00000, 0x00000000eae00000, 0x0000000100000000)
  eden space 1024K, 100% used [0x00000000eab00000,0x00000000eac00000,0x00000000eac00000)
  from space 1024K, 81% used [0x00000000ead00000,0x00000000eadd0000,0x00000000eae00000)
  to   space 1024K, 0% used [0x00000000eac00000,0x00000000eac00000,0x00000000ead00000)
 ParOldGen       total 381952K, used 381861K [0x00000000c0000000, 0x00000000d7500000, 0x00000000eab00000)
  object space 381952K, 99% used [0x00000000c0000000,0x00000000d74e9568,0x00000000d7500000)
 Metaspace       used 59823K, committed 61248K, reserved 1114112K
  class space    used 6219K, committed 6848K, reserved 1048576K
}
Event: 129.765 GC heap after
{Heap after GC invocations=386 (full 3):
 PSYoungGen      total 2048K, used 960K [0x00000000eab00000, 0x00000000eae00000, 0x0000000100000000)
  eden space 1024K, 0% used [0x00000000eab00000,0x00000000eab00000,0x00000000eac00000)
  from space 1024K, 93% used [0x00000000eac00000,0x00000000eacf0000,0x00000000ead00000)
  to   space 1024K, 0% used [0x00000000ead00000,0x00000000ead00000,0x00000000eae00000)
 ParOldGen       total 382976K, used 382677K [0x00000000c0000000, 0x00000000d7600000, 0x00000000eab00000)
  object space 382976K, 99% used [0x00000000c0000000,0x00000000d75b5568,0x00000000d7600000)
 Metaspace       used 59823K, committed 61248K, reserved 1114112K
  class space    used 6219K, committed 6848K, reserved 1048576K
}
Event: 129.796 GC heap before
{Heap before GC invocations=387 (full 3):
 PSYoungGen      total 2048K, used 1984K [0x00000000eab00000, 0x00000000eae00000, 0x0000000100000000)
  eden space 1024K, 100% used [0x00000000eab00000,0x00000000eac00000,0x00000000eac00000)
  from space 1024K, 93% used [0x00000000eac00000,0x00000000eacf0000,0x00000000ead00000)
  to   space 1024K, 0% used [0x00000000ead00000,0x00000000ead00000,0x00000000eae00000)
 ParOldGen       total 382976K, used 382677K [0x00000000c0000000, 0x00000000d7600000, 0x00000000eab00000)
  object space 382976K, 99% used [0x00000000c0000000,0x00000000d75b5568,0x00000000d7600000)
 Metaspace       used 59823K, committed 61248K, reserved 1114112K
  class space    used 6219K, committed 6848K, reserved 1048576K
}
Event: 129.804 GC heap after
{Heap after GC invocations=387 (full 3):
 PSYoungGen      total 2048K, used 832K [0x00000000eab00000, 0x00000000eae00000, 0x0000000100000000)
  eden space 1024K, 0% used [0x00000000eab00000,0x00000000eab00000,0x00000000eac00000)
  from space 1024K, 81% used [0x00000000ead00000,0x00000000eadd0000,0x00000000eae00000)
  to   space 1024K, 0% used [0x00000000eac00000,0x00000000eac00000,0x00000000ead00000)
 ParOldGen       total 384000K, used 383565K [0x00000000c0000000, 0x00000000d7700000, 0x00000000eab00000)
  object space 384000K, 99% used [0x00000000c0000000,0x00000000d7693568,0x00000000d7700000)
 Metaspace       used 59823K, committed 61248K, reserved 1114112K
  class space    used 6219K, committed 6848K, reserved 1048576K
}
Event: 132.270 GC heap before
{Heap before GC invocations=388 (full 3):
 PSYoungGen      total 2048K, used 1856K [0x00000000eab00000, 0x00000000eae00000, 0x0000000100000000)
  eden space 1024K, 100% used [0x00000000eab00000,0x00000000eac00000,0x00000000eac00000)
  from space 1024K, 81% used [0x00000000ead00000,0x00000000eadd0000,0x00000000eae00000)
  to   space 1024K, 0% used [0x00000000eac00000,0x00000000eac00000,0x00000000ead00000)
 ParOldGen       total 384000K, used 383565K [0x00000000c0000000, 0x00000000d7700000, 0x00000000eab00000)
  object space 384000K, 99% used [0x00000000c0000000,0x00000000d7693568,0x00000000d7700000)
 Metaspace       used 59845K, committed 61312K, reserved 1114112K
  class space    used 6221K, committed 6848K, reserved 1048576K
}
Event: 132.308 GC heap after
{Heap after GC invocations=388 (full 3):
 PSYoungGen      total 2048K, used 448K [0x00000000eab00000, 0x00000000eae00000, 0x0000000100000000)
  eden space 1024K, 0% used [0x00000000eab00000,0x00000000eab00000,0x00000000eac00000)
  from space 1024K, 43% used [0x00000000eac00000,0x00000000eac70000,0x00000000ead00000)
  to   space 1024K, 0% used [0x00000000ead00000,0x00000000ead00000,0x00000000eae00000)
 ParOldGen       total 384512K, used 384357K [0x00000000c0000000, 0x00000000d7780000, 0x00000000eab00000)
  object space 384512K, 99% used [0x00000000c0000000,0x00000000d7759568,0x00000000d7780000)
 Metaspace       used 59845K, committed 61312K, reserved 1114112K
  class space    used 6221K, committed 6848K, reserved 1048576K
}
Event: 132.717 GC heap before
{Heap before GC invocations=389 (full 3):
 PSYoungGen      total 2048K, used 1472K [0x00000000eab00000, 0x00000000eae00000, 0x0000000100000000)
  eden space 1024K, 100% used [0x00000000eab00000,0x00000000eac00000,0x00000000eac00000)
  from space 1024K, 43% used [0x00000000eac00000,0x00000000eac70000,0x00000000ead00000)
  to   space 1024K, 0% used [0x00000000ead00000,0x00000000ead00000,0x00000000eae00000)
 ParOldGen       total 384512K, used 384357K [0x00000000c0000000, 0x00000000d7780000, 0x00000000eab00000)
  object space 384512K, 99% used [0x00000000c0000000,0x00000000d7759568,0x00000000d7780000)
 Metaspace       used 59845K, committed 61312K, reserved 1114112K
  class space    used 6221K, committed 6848K, reserved 1048576K
}
Event: 132.725 GC heap after
{Heap after GC invocations=389 (full 3):
 PSYoungGen      total 1536K, used 360K [0x00000000eab00000, 0x00000000ead80000, 0x0000000100000000)
  eden space 1024K, 0% used [0x00000000eab00000,0x00000000eab00000,0x00000000eac00000)
  from space 512K, 70% used [0x00000000ead00000,0x00000000ead5a208,0x00000000ead80000)
  to   space 512K, 0% used [0x00000000eac80000,0x00000000eac80000,0x00000000ead00000)
 ParOldGen       total 385024K, used 384773K [0x00000000c0000000, 0x00000000d7800000, 0x00000000eab00000)
  object space 385024K, 99% used [0x00000000c0000000,0x00000000d77c1568,0x00000000d7800000)
 Metaspace       used 59845K, committed 61312K, reserved 1114112K
  class space    used 6221K, committed 6848K, reserved 1048576K
}

