# JRE version: OpenJDK Runtime Environment Temurin-21.0.6+7 (21.0.6+7) (build 21.0.6+7-LTS)
# Java VM: OpenJDK 64-Bit Server VM Temurin-21.0.6+7 (21.0.6+7-LTS, mixed mode, sharing, tiered, compressed oops, compressed class ptrs, parallel gc, windows-amd64)
GC Precious Log:
 CardTable entry size: 512
 CPUs: 4 total, 4 available
 Memory: 3982M
 Large Page Support: Disabled
 NUMA Support: Disabled
 Compressed Oops: Enabled (32-bit)
 Alignments: Space 512K, Generation 512K, Heap 2M
 Heap Min Capacity: 100M
 Heap Initial Capacity: 100M
 Heap Max Capacity: 1G
 Pre-touch: Disabled
 Parallel Workers: 4
Heap:
 PSYoungGen      total 3584K, used 3039K [0x00000000eab00000, 0x00000000eb100000, 0x0000000100000000)
  eden space 3072K, 82% used [0x00000000eab00000,0x00000000ead77ee8,0x00000000eae00000)
  from space 512K, 100% used [0x00000000eb000000,0x00000000eb080000,0x00000000eb080000)
  to   space 512K, 0% used [0x00000000eb080000,0x00000000eb080000,0x00000000eb100000)
 ParOldGen       total 387072K, used 386793K [0x00000000c0000000, 0x00000000d7a00000, 0x00000000eab00000)
  object space 387072K, 99% used [0x00000000c0000000,0x00000000d79ba4d0,0x00000000d7a00000)
 Metaspace       used 59831K, committed 61248K, reserved 1114112K
  class space    used 6220K, committed 6848K, reserved 1048576K
GC Heap History (20 events):
Event: 55.993 GC heap before
{Heap before GC invocations=371 (full 3):
 PSYoungGen      total 3584K, used 3520K [0x00000000eab00000, 0x00000000eb180000, 0x0000000100000000)
  eden space 3072K, 100% used [0x00000000eab00000,0x00000000eae00000,0x00000000eae00000)
  from space 512K, 87% used [0x00000000eb080000,0x00000000eb0f0000,0x00000000eb100000)
  to   space 512K, 0% used [0x00000000eb100000,0x00000000eb100000,0x00000000eb180000)
 ParOldGen       total 382976K, used 382587K [0x00000000c0000000, 0x00000000d7600000, 0x00000000eab00000)
  object space 382976K, 99% used [0x00000000c0000000,0x00000000d759eeb8,0x00000000d7600000)
 Metaspace       used 59830K, committed 61248K, reserved 1114112K
  class space    used 6220K, committed 6848K, reserved 1048576K
}
Event: 55.998 GC heap after
{Heap after GC invocations=371 (full 3):
 PSYoungGen      total 3584K, used 416K [0x00000000eab00000, 0x00000000eb180000, 0x0000000100000000)
  eden space 3072K, 0% used [0x00000000eab00000,0x00000000eab00000,0x00000000eae00000)
  from space 512K, 81% used [0x00000000eb100000,0x00000000eb168000,0x00000000eb180000)
  to   space 512K, 0% used [0x00000000eb080000,0x00000000eb080000,0x00000000eb100000)
 ParOldGen       total 382976K, used 382971K [0x00000000c0000000, 0x00000000d7600000, 0x00000000eab00000)
  object space 382976K, 99% used [0x00000000c0000000,0x00000000d75feeb8,0x00000000d7600000)
 Metaspace       used 59830K, committed 61248K, reserved 1114112K
  class space    used 6220K, committed 6848K, reserved 1048576K
}
Event: 56.101 GC heap before
{Heap before GC invocations=372 (full 3):
 PSYoungGen      total 3584K, used 3488K [0x00000000eab00000, 0x00000000eb180000, 0x0000000100000000)
  eden space 3072K, 100% used [0x00000000eab00000,0x00000000eae00000,0x00000000eae00000)
  from space 512K, 81% used [0x00000000eb100000,0x00000000eb168000,0x00000000eb180000)
  to   space 512K, 0% used [0x00000000eb080000,0x00000000eb080000,0x00000000eb100000)
 ParOldGen       total 382976K, used 382971K [0x00000000c0000000, 0x00000000d7600000, 0x00000000eab00000)
  object space 382976K, 99% used [0x00000000c0000000,0x00000000d75feeb8,0x00000000d7600000)
 Metaspace       used 59830K, committed 61248K, reserved 1114112K
  class space    used 6220K, committed 6848K, reserved 1048576K
}
Event: 56.105 GC heap after
{Heap after GC invocations=372 (full 3):
 PSYoungGen      total 3584K, used 448K [0x00000000eab00000, 0x00000000eb180000, 0x0000000100000000)
  eden space 3072K, 0% used [0x00000000eab00000,0x00000000eab00000,0x00000000eae00000)
  from space 512K, 87% used [0x00000000eb080000,0x00000000eb0f0000,0x00000000eb100000)
  to   space 512K, 0% used [0x00000000eb100000,0x00000000eb100000,0x00000000eb180000)
 ParOldGen       total 383488K, used 383339K [0x00000000c0000000, 0x00000000d7680000, 0x00000000eab00000)
  object space 383488K, 99% used [0x00000000c0000000,0x00000000d765aeb8,0x00000000d7680000)
 Metaspace       used 59830K, committed 61248K, reserved 1114112K
  class space    used 6220K, committed 6848K, reserved 1048576K
}
Event: 56.156 GC heap before
{Heap before GC invocations=373 (full 3):
 PSYoungGen      total 3584K, used 3520K [0x00000000eab00000, 0x00000000eb180000, 0x0000000100000000)
  eden space 3072K, 100% used [0x00000000eab00000,0x00000000eae00000,0x00000000eae00000)
  from space 512K, 87% used [0x00000000eb080000,0x00000000eb0f0000,0x00000000eb100000)
  to   space 512K, 0% used [0x00000000eb100000,0x00000000eb100000,0x00000000eb180000)
 ParOldGen       total 383488K, used 383339K [0x00000000c0000000, 0x00000000d7680000, 0x00000000eab00000)
  object space 383488K, 99% used [0x00000000c0000000,0x00000000d765aeb8,0x00000000d7680000)
 Metaspace       used 59830K, committed 61248K, reserved 1114112K
  class space    used 6220K, committed 6848K, reserved 1048576K
}
Event: 56.160 GC heap after
{Heap after GC invocations=373 (full 3):
 PSYoungGen      total 3584K, used 464K [0x00000000eab00000, 0x00000000eb180000, 0x0000000100000000)
  eden space 3072K, 0% used [0x00000000eab00000,0x00000000eab00000,0x00000000eae00000)
  from space 512K, 90% used [0x00000000eb100000,0x00000000eb174010,0x00000000eb180000)
  to   space 512K, 0% used [0x00000000eb080000,0x00000000eb080000,0x00000000eb100000)
 ParOldGen       total 384000K, used 383761K [0x00000000c0000000, 0x00000000d7700000, 0x00000000eab00000)
  object space 384000K, 99% used [0x00000000c0000000,0x00000000d76c44c8,0x00000000d7700000)
 Metaspace       used 59830K, committed 61248K, reserved 1114112K
  class space    used 6220K, committed 6848K, reserved 1048576K
}
Event: 56.210 GC heap before
{Heap before GC invocations=374 (full 3):
 PSYoungGen      total 3584K, used 3536K [0x00000000eab00000, 0x00000000eb180000, 0x0000000100000000)
  eden space 3072K, 100% used [0x00000000eab00000,0x00000000eae00000,0x00000000eae00000)
  from space 512K, 90% used [0x00000000eb100000,0x00000000eb174010,0x00000000eb180000)
  to   space 512K, 0% used [0x00000000eb080000,0x00000000eb080000,0x00000000eb100000)
 ParOldGen       total 384000K, used 383761K [0x00000000c0000000, 0x00000000d7700000, 0x00000000eab00000)
  object space 384000K, 99% used [0x00000000c0000000,0x00000000d76c44c8,0x00000000d7700000)
 Metaspace       used 59830K, committed 61248K, reserved 1114112K
  class space    used 6220K, committed 6848K, reserved 1048576K
}
Event: 56.212 GC heap after
{Heap after GC invocations=374 (full 3):
 PSYoungGen      total 3584K, used 416K [0x00000000eab00000, 0x00000000eb180000, 0x0000000100000000)
  eden space 3072K, 0% used [0x00000000eab00000,0x00000000eab00000,0x00000000eae00000)
  from space 512K, 81% used [0x00000000eb080000,0x00000000eb0e8000,0x00000000eb100000)
  to   space 512K, 0% used [0x00000000eb100000,0x00000000eb100000,0x00000000eb180000)
 ParOldGen       total 384512K, used 384161K [0x00000000c0000000, 0x00000000d7780000, 0x00000000eab00000)
  object space 384512K, 99% used [0x00000000c0000000,0x00000000d77284c8,0x00000000d7780000)
 Metaspace       used 59830K, committed 61248K, reserved 1114112K
  class space    used 6220K, committed 6848K, reserved 1048576K
}
Event: 56.258 GC heap before
{Heap before GC invocations=375 (full 3):
 PSYoungGen      total 3584K, used 3488K [0x00000000eab00000, 0x00000000eb180000, 0x0000000100000000)
  eden space 3072K, 100% used [0x00000000eab00000,0x00000000eae00000,0x00000000eae00000)
  from space 512K, 81% used [0x00000000eb080000,0x00000000eb0e8000,0x00000000eb100000)
  to   space 512K, 0% used [0x00000000eb100000,0x00000000eb100000,0x00000000eb180000)
 ParOldGen       total 384512K, used 384161K [0x00000000c0000000, 0x00000000d7780000, 0x00000000eab00000)
  object space 384512K, 99% used [0x00000000c0000000,0x00000000d77284c8,0x00000000d7780000)
 Metaspace       used 59830K, committed 61248K, reserved 1114112K
  class space    used 6220K, committed 6848K, reserved 1048576K
}
Event: 56.261 GC heap after
{Heap after GC invocations=375 (full 3):
 PSYoungGen      total 3584K, used 512K [0x00000000eab00000, 0x00000000eb180000, 0x0000000100000000)
  eden space 3072K, 0% used [0x00000000eab00000,0x00000000eab00000,0x00000000eae00000)
  from space 512K, 100% used [0x00000000eb100000,0x00000000eb180000,0x00000000eb180000)
  to   space 1024K, 0% used [0x00000000eaf80000,0x00000000eaf80000,0x00000000eb080000)
 ParOldGen       total 385024K, used 384521K [0x00000000c0000000, 0x00000000d7800000, 0x00000000eab00000)
  object space 385024K, 99% used [0x00000000c0000000,0x00000000d77824c8,0x00000000d7800000)
 Metaspace       used 59830K, committed 61248K, reserved 1114112K
  class space    used 6220K, committed 6848K, reserved 1048576K
}
Event: 56.335 GC heap before
{Heap before GC invocations=376 (full 3):
 PSYoungGen      total 3584K, used 3584K [0x00000000eab00000, 0x00000000eb180000, 0x0000000100000000)
  eden space 3072K, 100% used [0x00000000eab00000,0x00000000eae00000,0x00000000eae00000)
  from space 512K, 100% used [0x00000000eb100000,0x00000000eb180000,0x00000000eb180000)
  to   space 1024K, 0% used [0x00000000eaf80000,0x00000000eaf80000,0x00000000eb080000)
 ParOldGen       total 385024K, used 384521K [0x00000000c0000000, 0x00000000d7800000, 0x00000000eab00000)
  object space 385024K, 99% used [0x00000000c0000000,0x00000000d77824c8,0x00000000d7800000)
 Metaspace       used 59830K, committed 61248K, reserved 1114112K
  class space    used 6220K, committed 6848K, reserved 1048576K
}
Event: 56.345 GC heap after
{Heap after GC invocations=376 (full 3):
 PSYoungGen      total 4096K, used 448K [0x00000000eab00000, 0x00000000eb180000, 0x0000000100000000)
  eden space 3072K, 0% used [0x00000000eab00000,0x00000000eab00000,0x00000000eae00000)
  from space 1024K, 43% used [0x00000000eaf80000,0x00000000eaff0000,0x00000000eb080000)
  to   space 512K, 0% used [0x00000000eb100000,0x00000000eb100000,0x00000000eb180000)
 ParOldGen       total 385024K, used 384945K [0x00000000c0000000, 0x00000000d7800000, 0x00000000eab00000)
  object space 385024K, 99% used [0x00000000c0000000,0x00000000d77ec4c8,0x00000000d7800000)
 Metaspace       used 59830K, committed 61248K, reserved 1114112K
  class space    used 6220K, committed 6848K, reserved 1048576K
}
Event: 56.493 GC heap before
{Heap before GC invocations=377 (full 3):
 PSYoungGen      total 4096K, used 3520K [0x00000000eab00000, 0x00000000eb180000, 0x0000000100000000)
  eden space 3072K, 100% used [0x00000000eab00000,0x00000000eae00000,0x00000000eae00000)
  from space 1024K, 43% used [0x00000000eaf80000,0x00000000eaff0000,0x00000000eb080000)
  to   space 512K, 0% used [0x00000000eb100000,0x00000000eb100000,0x00000000eb180000)
 ParOldGen       total 385024K, used 384945K [0x00000000c0000000, 0x00000000d7800000, 0x00000000eab00000)
  object space 385024K, 99% used [0x00000000c0000000,0x00000000d77ec4c8,0x00000000d7800000)
 Metaspace       used 59830K, committed 61248K, reserved 1114112K
  class space    used 6220K, committed 6848K, reserved 1048576K
}
Event: 56.495 GC heap after
{Heap after GC invocations=377 (full 3):
 PSYoungGen      total 3584K, used 504K [0x00000000eab00000, 0x00000000eb180000, 0x0000000100000000)
  eden space 3072K, 0% used [0x00000000eab00000,0x00000000eab00000,0x00000000eae00000)
  from space 512K, 98% used [0x00000000eb100000,0x00000000eb17e008,0x00000000eb180000)
  to   space 1536K, 0% used [0x00000000eae80000,0x00000000eae80000,0x00000000eb000000)
 ParOldGen       total 385536K, used 385417K [0x00000000c0000000, 0x00000000d7880000, 0x00000000eab00000)
  object space 385536K, 99% used [0x00000000c0000000,0x00000000d78624c8,0x00000000d7880000)
 Metaspace       used 59830K, committed 61248K, reserved 1114112K
  class space    used 6220K, committed 6848K, reserved 1048576K
}
Event: 56.597 GC heap before
{Heap before GC invocations=378 (full 3):
 PSYoungGen      total 3584K, used 3576K [0x00000000eab00000, 0x00000000eb180000, 0x0000000100000000)
  eden space 3072K, 100% used [0x00000000eab00000,0x00000000eae00000,0x00000000eae00000)
  from space 512K, 98% used [0x00000000eb100000,0x00000000eb17e008,0x00000000eb180000)
  to   space 1536K, 0% used [0x00000000eae80000,0x00000000eae80000,0x00000000eb000000)
 ParOldGen       total 385536K, used 385417K [0x00000000c0000000, 0x00000000d7880000, 0x00000000eab00000)
  object space 385536K, 99% used [0x00000000c0000000,0x00000000d78624c8,0x00000000d7880000)
 Metaspace       used 59830K, committed 61248K, reserved 1114112K
  class space    used 6220K, committed 6848K, reserved 1048576K
}
Event: 56.600 GC heap after
{Heap after GC invocations=378 (full 3):
 PSYoungGen      total 4608K, used 448K [0x00000000eab00000, 0x00000000eb180000, 0x0000000100000000)
  eden space 3072K, 0% used [0x00000000eab00000,0x00000000eab00000,0x00000000eae00000)
  from space 1536K, 29% used [0x00000000eae80000,0x00000000eaef0000,0x00000000eb000000)
  to   space 1024K, 0% used [0x00000000eb080000,0x00000000eb080000,0x00000000eb180000)
 ParOldGen       total 386048K, used 385897K [0x00000000c0000000, 0x00000000d7900000, 0x00000000eab00000)
  object space 386048K, 99% used [0x00000000c0000000,0x00000000d78da4d0,0x00000000d7900000)
 Metaspace       used 59830K, committed 61248K, reserved 1114112K
  class space    used 6220K, committed 6848K, reserved 1048576K
}
Event: 56.884 GC heap before
{Heap before GC invocations=379 (full 3):
 PSYoungGen      total 4608K, used 3516K [0x00000000eab00000, 0x00000000eb180000, 0x0000000100000000)
  eden space 3072K, 99% used [0x00000000eab00000,0x00000000eadff108,0x00000000eae00000)
  from space 1536K, 29% used [0x00000000eae80000,0x00000000eaef0000,0x00000000eb000000)
  to   space 1024K, 0% used [0x00000000eb080000,0x00000000eb080000,0x00000000eb180000)
 ParOldGen       total 386048K, used 385897K [0x00000000c0000000, 0x00000000d7900000, 0x00000000eab00000)
  object space 386048K, 99% used [0x00000000c0000000,0x00000000d78da4d0,0x00000000d7900000)
 Metaspace       used 59830K, committed 61248K, reserved 1114112K
  class space    used 6220K, committed 6848K, reserved 1048576K
}
Event: 56.889 GC heap after
{Heap after GC invocations=379 (full 3):
 PSYoungGen      total 3584K, used 448K [0x00000000eab00000, 0x00000000eb100000, 0x0000000100000000)
  eden space 3072K, 0% used [0x00000000eab00000,0x00000000eab00000,0x00000000eae00000)
  from space 512K, 87% used [0x00000000eb080000,0x00000000eb0f0000,0x00000000eb100000)
  to   space 512K, 0% used [0x00000000eb000000,0x00000000eb000000,0x00000000eb080000)
 ParOldGen       total 386560K, used 386257K [0x00000000c0000000, 0x00000000d7980000, 0x00000000eab00000)
  object space 386560K, 99% used [0x00000000c0000000,0x00000000d79344d0,0x00000000d7980000)
 Metaspace       used 59830K, committed 61248K, reserved 1114112K
  class space    used 6220K, committed 6848K, reserved 1048576K
}
Event: 56.998 GC heap before
{Heap before GC invocations=380 (full 3):
 PSYoungGen      total 3584K, used 3520K [0x00000000eab00000, 0x00000000eb100000, 0x0000000100000000)
  eden space 3072K, 100% used [0x00000000eab00000,0x00000000eae00000,0x00000000eae00000)
  from space 512K, 87% used [0x00000000eb080000,0x00000000eb0f0000,0x00000000eb100000)
  to   space 512K, 0% used [0x00000000eb000000,0x00000000eb000000,0x00000000eb080000)
 ParOldGen       total 386560K, used 386257K [0x00000000c0000000, 0x00000000d7980000, 0x00000000eab00000)
  object space 386560K, 99% used [0x00000000c0000000,0x00000000d79344d0,0x00000000d7980000)
 Metaspace       used 59831K, committed 61248K, reserved 1114112K
  class space    used 6220K, committed 6848K, reserved 1048576K
}
Event: 57.002 GC heap after
{Heap after GC invocations=380 (full 3):
 PSYoungGen      total 3584K, used 512K [0x00000000eab00000, 0x00000000eb100000, 0x0000000100000000)
  eden space 3072K, 0% used [0x00000000eab00000,0x00000000eab00000,0x00000000eae00000)
  from space 512K, 100% used [0x00000000eb000000,0x00000000eb080000,0x00000000eb080000)
  to   space 512K, 0% used [0x00000000eb080000,0x00000000eb080000,0x00000000eb100000)
 ParOldGen       total 387072K, used 386793K [0x00000000c0000000, 0x00000000d7a00000, 0x00000000eab00000)
  object space 387072K, 99% used [0x00000000c0000000,0x00000000d79ba4d0,0x00000000d7a00000)
 Metaspace       used 59831K, committed 61248K, reserved 1114112K
  class space    used 6220K, committed 6848K, reserved 1048576K
}

