# JRE version: OpenJDK Runtime Environment Temurin-21.0.6+7 (21.0.6+7) (build 21.0.6+7-LTS)
# Java VM: OpenJDK 64-Bit Server VM Temurin-21.0.6+7 (21.0.6+7-LTS, mixed mode, sharing, tiered, compressed oops, compressed class ptrs, parallel gc, windows-amd64)
GC Precious Log:
 CardTable entry size: 512
 CPUs: 4 total, 4 available
 Memory: 3982M
 Large Page Support: Disabled
 NUMA Support: Disabled
 Compressed Oops: Enabled (32-bit)
 Alignments: Space 512K, Generation 512K, Heap 2M
 Heap Min Capacity: 100M
 Heap Initial Capacity: 100M
 Heap Max Capacity: 1G
 Pre-touch: Disabled
 Parallel Workers: 4
Heap:
 PSYoungGen      total 9216K, used 5761K [0x00000000eab00000, 0x00000000eb980000, 0x0000000100000000)
  eden space 4608K, 25% used [0x00000000eab00000,0x00000000eac229b8,0x00000000eaf80000)
  from space 4608K, 99% used [0x00000000eaf80000,0x00000000eb3fddd8,0x00000000eb400000)
  to   space 5120K, 0% used [0x00000000eb480000,0x00000000eb480000,0x00000000eb980000)
 ParOldGen       total 476160K, used 476125K [0x00000000c0000000, 0x00000000dd100000, 0x00000000eab00000)
  object space 476160K, 99% used [0x00000000c0000000,0x00000000dd0f7788,0x00000000dd100000)
 Metaspace       used 59972K, committed 61376K, reserved 1114112K
  class space    used 6223K, committed 6784K, reserved 1048576K
GC Heap History (20 events):
Event: 80.684 GC heap before
{Heap before GC invocations=894 (full 4):
 PSYoungGen      total 10752K, used 10636K [0x00000000eab00000, 0x00000000eb980000, 0x0000000100000000)
  eden space 7680K, 100% used [0x00000000eab00000,0x00000000eb280000,0x00000000eb280000)
  from space 3072K, 96% used [0x00000000eb500000,0x00000000eb7e3068,0x00000000eb800000)
  to   space 1536K, 0% used [0x00000000eb800000,0x00000000eb800000,0x00000000eb980000)
 ParOldGen       total 444928K, used 444723K [0x00000000c0000000, 0x00000000db280000, 0x00000000eab00000)
  object space 444928K, 99% used [0x00000000c0000000,0x00000000db24cda0,0x00000000db280000)
 Metaspace       used 59972K, committed 61376K, reserved 1114112K
  class space    used 6223K, committed 6784K, reserved 1048576K
}
Event: 80.697 GC heap after
{Heap after GC invocations=894 (full 4):
 PSYoungGen      total 8192K, used 1517K [0x00000000eab00000, 0x00000000ebf80000, 0x0000000100000000)
  eden space 6656K, 0% used [0x00000000eab00000,0x00000000eab00000,0x00000000eb180000)
  from space 1536K, 98% used [0x00000000eb800000,0x00000000eb97b4e0,0x00000000eb980000)
  to   space 6656K, 0% used [0x00000000eb180000,0x00000000eb180000,0x00000000eb800000)
 ParOldGen       total 449536K, used 449055K [0x00000000c0000000, 0x00000000db700000, 0x00000000eab00000)
  object space 449536K, 99% used [0x00000000c0000000,0x00000000db687e80,0x00000000db700000)
 Metaspace       used 59972K, committed 61376K, reserved 1114112K
  class space    used 6223K, committed 6784K, reserved 1048576K
}
Event: 80.727 GC heap before
{Heap before GC invocations=895 (full 4):
 PSYoungGen      total 8192K, used 8099K [0x00000000eab00000, 0x00000000ebf80000, 0x0000000100000000)
  eden space 6656K, 98% used [0x00000000eab00000,0x00000000eb16d980,0x00000000eb180000)
  from space 1536K, 98% used [0x00000000eb800000,0x00000000eb97b4e0,0x00000000eb980000)
  to   space 6656K, 0% used [0x00000000eb180000,0x00000000eb180000,0x00000000eb800000)
 ParOldGen       total 449536K, used 449055K [0x00000000c0000000, 0x00000000db700000, 0x00000000eab00000)
  object space 449536K, 99% used [0x00000000c0000000,0x00000000db687e80,0x00000000db700000)
 Metaspace       used 59972K, committed 61376K, reserved 1114112K
  class space    used 6223K, committed 6784K, reserved 1048576K
}
Event: 80.732 GC heap after
{Heap after GC invocations=895 (full 4):
 PSYoungGen      total 9728K, used 2589K [0x00000000eab00000, 0x00000000eb980000, 0x0000000100000000)
  eden space 6656K, 0% used [0x00000000eab00000,0x00000000eab00000,0x00000000eb180000)
  from space 3072K, 84% used [0x00000000eb180000,0x00000000eb407758,0x00000000eb480000)
  to   space 4096K, 0% used [0x00000000eb580000,0x00000000eb580000,0x00000000eb980000)
 ParOldGen       total 451072K, used 450573K [0x00000000c0000000, 0x00000000db880000, 0x00000000eab00000)
  object space 451072K, 99% used [0x00000000c0000000,0x00000000db8037c8,0x00000000db880000)
 Metaspace       used 59972K, committed 61376K, reserved 1114112K
  class space    used 6223K, committed 6784K, reserved 1048576K
}
Event: 80.812 GC heap before
{Heap before GC invocations=896 (full 4):
 PSYoungGen      total 9728K, used 9245K [0x00000000eab00000, 0x00000000eb980000, 0x0000000100000000)
  eden space 6656K, 100% used [0x00000000eab00000,0x00000000eb180000,0x00000000eb180000)
  from space 3072K, 84% used [0x00000000eb180000,0x00000000eb407758,0x00000000eb480000)
  to   space 4096K, 0% used [0x00000000eb580000,0x00000000eb580000,0x00000000eb980000)
 ParOldGen       total 451072K, used 450573K [0x00000000c0000000, 0x00000000db880000, 0x00000000eab00000)
  object space 451072K, 99% used [0x00000000c0000000,0x00000000db8037c8,0x00000000db880000)
 Metaspace       used 59972K, committed 61376K, reserved 1114112K
  class space    used 6223K, committed 6784K, reserved 1048576K
}
Event: 80.818 GC heap after
{Heap after GC invocations=896 (full 4):
 PSYoungGen      total 9728K, used 2825K [0x00000000eab00000, 0x00000000eb880000, 0x0000000100000000)
  eden space 6656K, 0% used [0x00000000eab00000,0x00000000eab00000,0x00000000eb180000)
  from space 3072K, 91% used [0x00000000eb580000,0x00000000eb842690,0x00000000eb880000)
  to   space 3072K, 0% used [0x00000000eb180000,0x00000000eb180000,0x00000000eb480000)
 ParOldGen       total 453120K, used 453116K [0x00000000c0000000, 0x00000000dba80000, 0x00000000eab00000)
  object space 453120K, 99% used [0x00000000c0000000,0x00000000dba7f0d8,0x00000000dba80000)
 Metaspace       used 59972K, committed 61376K, reserved 1114112K
  class space    used 6223K, committed 6784K, reserved 1048576K
}
Event: 80.866 GC heap before
{Heap before GC invocations=897 (full 4):
 PSYoungGen      total 9728K, used 9473K [0x00000000eab00000, 0x00000000eb880000, 0x0000000100000000)
  eden space 6656K, 99% used [0x00000000eab00000,0x00000000eb17e080,0x00000000eb180000)
  from space 3072K, 91% used [0x00000000eb580000,0x00000000eb842690,0x00000000eb880000)
  to   space 3072K, 0% used [0x00000000eb180000,0x00000000eb180000,0x00000000eb480000)
 ParOldGen       total 453120K, used 453116K [0x00000000c0000000, 0x00000000dba80000, 0x00000000eab00000)
  object space 453120K, 99% used [0x00000000c0000000,0x00000000dba7f0d8,0x00000000dba80000)
 Metaspace       used 59972K, committed 61376K, reserved 1114112K
  class space    used 6223K, committed 6784K, reserved 1048576K
}
Event: 80.874 GC heap after
{Heap after GC invocations=897 (full 4):
 PSYoungGen      total 9728K, used 2745K [0x00000000eab00000, 0x00000000eb780000, 0x0000000100000000)
  eden space 6656K, 0% used [0x00000000eab00000,0x00000000eab00000,0x00000000eb180000)
  from space 3072K, 89% used [0x00000000eb180000,0x00000000eb42e620,0x00000000eb480000)
  to   space 3072K, 0% used [0x00000000eb480000,0x00000000eb480000,0x00000000eb780000)
 ParOldGen       total 456192K, used 455844K [0x00000000c0000000, 0x00000000dbd80000, 0x00000000eab00000)
  object space 456192K, 99% used [0x00000000c0000000,0x00000000dbd291f0,0x00000000dbd80000)
 Metaspace       used 59972K, committed 61376K, reserved 1114112K
  class space    used 6223K, committed 6784K, reserved 1048576K
}
Event: 81.395 GC heap before
{Heap before GC invocations=898 (full 4):
 PSYoungGen      total 9728K, used 9401K [0x00000000eab00000, 0x00000000eb780000, 0x0000000100000000)
  eden space 6656K, 100% used [0x00000000eab00000,0x00000000eb180000,0x00000000eb180000)
  from space 3072K, 89% used [0x00000000eb180000,0x00000000eb42e620,0x00000000eb480000)
  to   space 3072K, 0% used [0x00000000eb480000,0x00000000eb480000,0x00000000eb780000)
 ParOldGen       total 456192K, used 455844K [0x00000000c0000000, 0x00000000dbd80000, 0x00000000eab00000)
  object space 456192K, 99% used [0x00000000c0000000,0x00000000dbd291f0,0x00000000dbd80000)
 Metaspace       used 59972K, committed 61376K, reserved 1114112K
  class space    used 6223K, committed 6784K, reserved 1048576K
}
Event: 81.400 GC heap after
{Heap after GC invocations=898 (full 4):
 PSYoungGen      total 8704K, used 2027K [0x00000000eab00000, 0x00000000eb680000, 0x0000000100000000)
  eden space 6656K, 0% used [0x00000000eab00000,0x00000000eab00000,0x00000000eb180000)
  from space 2048K, 98% used [0x00000000eb480000,0x00000000eb67ad38,0x00000000eb680000)
  to   space 2560K, 0% used [0x00000000eb180000,0x00000000eb180000,0x00000000eb400000)
 ParOldGen       total 458752K, used 458444K [0x00000000c0000000, 0x00000000dc000000, 0x00000000eab00000)
  object space 458752K, 99% used [0x00000000c0000000,0x00000000dbfb30e8,0x00000000dc000000)
 Metaspace       used 59972K, committed 61376K, reserved 1114112K
  class space    used 6223K, committed 6784K, reserved 1048576K
}
Event: 81.857 GC heap before
{Heap before GC invocations=899 (full 4):
 PSYoungGen      total 8704K, used 8683K [0x00000000eab00000, 0x00000000eb680000, 0x0000000100000000)
  eden space 6656K, 100% used [0x00000000eab00000,0x00000000eb180000,0x00000000eb180000)
  from space 2048K, 98% used [0x00000000eb480000,0x00000000eb67ad38,0x00000000eb680000)
  to   space 2560K, 0% used [0x00000000eb180000,0x00000000eb180000,0x00000000eb400000)
 ParOldGen       total 458752K, used 458444K [0x00000000c0000000, 0x00000000dc000000, 0x00000000eab00000)
  object space 458752K, 99% used [0x00000000c0000000,0x00000000dbfb30e8,0x00000000dc000000)
 Metaspace       used 59972K, committed 61376K, reserved 1114112K
  class space    used 6223K, committed 6784K, reserved 1048576K
}
Event: 81.863 GC heap after
{Heap after GC invocations=899 (full 4):
 PSYoungGen      total 9216K, used 2543K [0x00000000eab00000, 0x00000000ebd80000, 0x0000000100000000)
  eden space 6656K, 0% used [0x00000000eab00000,0x00000000eab00000,0x00000000eb180000)
  from space 2560K, 99% used [0x00000000eb180000,0x00000000eb3fbc00,0x00000000eb400000)
  to   space 6144K, 0% used [0x00000000eb780000,0x00000000eb780000,0x00000000ebd80000)
 ParOldGen       total 461312K, used 461279K [0x00000000c0000000, 0x00000000dc280000, 0x00000000eab00000)
  object space 461312K, 99% used [0x00000000c0000000,0x00000000dc277f48,0x00000000dc280000)
 Metaspace       used 59972K, committed 61376K, reserved 1114112K
  class space    used 6223K, committed 6784K, reserved 1048576K
}
Event: 82.063 GC heap before
{Heap before GC invocations=900 (full 4):
 PSYoungGen      total 9216K, used 9099K [0x00000000eab00000, 0x00000000ebd80000, 0x0000000100000000)
  eden space 6656K, 98% used [0x00000000eab00000,0x00000000eb1672a8,0x00000000eb180000)
  from space 2560K, 99% used [0x00000000eb180000,0x00000000eb3fbc00,0x00000000eb400000)
  to   space 6144K, 0% used [0x00000000eb780000,0x00000000eb780000,0x00000000ebd80000)
 ParOldGen       total 461312K, used 461279K [0x00000000c0000000, 0x00000000dc280000, 0x00000000eab00000)
  object space 461312K, 99% used [0x00000000c0000000,0x00000000dc277f48,0x00000000dc280000)
 Metaspace       used 59972K, committed 61376K, reserved 1114112K
  class space    used 6223K, committed 6784K, reserved 1048576K
}
Event: 82.079 GC heap after
{Heap after GC invocations=900 (full 4):
 PSYoungGen      total 10752K, used 6125K [0x00000000eab00000, 0x00000000ec180000, 0x0000000100000000)
  eden space 4608K, 0% used [0x00000000eab00000,0x00000000eab00000,0x00000000eaf80000)
  from space 6144K, 99% used [0x00000000eb780000,0x00000000ebd7b740,0x00000000ebd80000)
  to   space 8192K, 0% used [0x00000000eaf80000,0x00000000eaf80000,0x00000000eb780000)
 ParOldGen       total 462848K, used 462611K [0x00000000c0000000, 0x00000000dc400000, 0x00000000eab00000)
  object space 462848K, 99% used [0x00000000c0000000,0x00000000dc3c4f08,0x00000000dc400000)
 Metaspace       used 59972K, committed 61376K, reserved 1114112K
  class space    used 6223K, committed 6784K, reserved 1048576K
}
Event: 82.391 GC heap before
{Heap before GC invocations=901 (full 4):
 PSYoungGen      total 10752K, used 10521K [0x00000000eab00000, 0x00000000ec180000, 0x0000000100000000)
  eden space 4608K, 95% used [0x00000000eab00000,0x00000000eaf4ad70,0x00000000eaf80000)
  from space 6144K, 99% used [0x00000000eb780000,0x00000000ebd7b740,0x00000000ebd80000)
  to   space 8192K, 0% used [0x00000000eaf80000,0x00000000eaf80000,0x00000000eb780000)
 ParOldGen       total 462848K, used 462611K [0x00000000c0000000, 0x00000000dc400000, 0x00000000eab00000)
  object space 462848K, 99% used [0x00000000c0000000,0x00000000dc3c4f08,0x00000000dc400000)
 Metaspace       used 59972K, committed 61376K, reserved 1114112K
  class space    used 6223K, committed 6784K, reserved 1048576K
}
Event: 82.408 GC heap after
{Heap after GC invocations=901 (full 4):
 PSYoungGen      total 9216K, used 4339K [0x00000000eab00000, 0x00000000eba80000, 0x0000000100000000)
  eden space 4608K, 0% used [0x00000000eab00000,0x00000000eab00000,0x00000000eaf80000)
  from space 4608K, 94% used [0x00000000eaf80000,0x00000000eb3bce28,0x00000000eb400000)
  to   space 5632K, 0% used [0x00000000eb500000,0x00000000eb500000,0x00000000eba80000)
 ParOldGen       total 467968K, used 467814K [0x00000000c0000000, 0x00000000dc900000, 0x00000000eab00000)
  object space 467968K, 99% used [0x00000000c0000000,0x00000000dc8d9b50,0x00000000dc900000)
 Metaspace       used 59972K, committed 61376K, reserved 1114112K
  class space    used 6223K, committed 6784K, reserved 1048576K
}
Event: 82.531 GC heap before
{Heap before GC invocations=902 (full 4):
 PSYoungGen      total 9216K, used 8484K [0x00000000eab00000, 0x00000000eba80000, 0x0000000100000000)
  eden space 4608K, 89% used [0x00000000eab00000,0x00000000eaf0c488,0x00000000eaf80000)
  from space 4608K, 94% used [0x00000000eaf80000,0x00000000eb3bce28,0x00000000eb400000)
  to   space 5632K, 0% used [0x00000000eb500000,0x00000000eb500000,0x00000000eba80000)
 ParOldGen       total 467968K, used 467814K [0x00000000c0000000, 0x00000000dc900000, 0x00000000eab00000)
  object space 467968K, 99% used [0x00000000c0000000,0x00000000dc8d9b50,0x00000000dc900000)
 Metaspace       used 59972K, committed 61376K, reserved 1114112K
  class space    used 6223K, committed 6784K, reserved 1048576K
}
Event: 82.545 GC heap after
{Heap after GC invocations=902 (full 4):
 PSYoungGen      total 9216K, used 4119K [0x00000000eab00000, 0x00000000eb980000, 0x0000000100000000)
  eden space 4608K, 0% used [0x00000000eab00000,0x00000000eab00000,0x00000000eaf80000)
  from space 4608K, 89% used [0x00000000eb500000,0x00000000eb905f18,0x00000000eb980000)
  to   space 4608K, 0% used [0x00000000eaf80000,0x00000000eaf80000,0x00000000eb400000)
 ParOldGen       total 472064K, used 472055K [0x00000000c0000000, 0x00000000dcd00000, 0x00000000eab00000)
  object space 472064K, 99% used [0x00000000c0000000,0x00000000dccfde10,0x00000000dcd00000)
 Metaspace       used 59972K, committed 61376K, reserved 1114112K
  class space    used 6223K, committed 6784K, reserved 1048576K
}
Event: 82.854 GC heap before
{Heap before GC invocations=903 (full 4):
 PSYoungGen      total 9216K, used 8727K [0x00000000eab00000, 0x00000000eb980000, 0x0000000100000000)
  eden space 4608K, 100% used [0x00000000eab00000,0x00000000eaf80000,0x00000000eaf80000)
  from space 4608K, 89% used [0x00000000eb500000,0x00000000eb905f18,0x00000000eb980000)
  to   space 4608K, 0% used [0x00000000eaf80000,0x00000000eaf80000,0x00000000eb400000)
 ParOldGen       total 472064K, used 472055K [0x00000000c0000000, 0x00000000dcd00000, 0x00000000eab00000)
  object space 472064K, 99% used [0x00000000c0000000,0x00000000dccfde10,0x00000000dcd00000)
 Metaspace       used 59972K, committed 61376K, reserved 1114112K
  class space    used 6223K, committed 6784K, reserved 1048576K
}
Event: 82.862 GC heap after
{Heap after GC invocations=903 (full 4):
 PSYoungGen      total 9216K, used 4599K [0x00000000eab00000, 0x00000000eb980000, 0x0000000100000000)
  eden space 4608K, 0% used [0x00000000eab00000,0x00000000eab00000,0x00000000eaf80000)
  from space 4608K, 99% used [0x00000000eaf80000,0x00000000eb3fddd8,0x00000000eb400000)
  to   space 5120K, 0% used [0x00000000eb480000,0x00000000eb480000,0x00000000eb980000)
 ParOldGen       total 476160K, used 476125K [0x00000000c0000000, 0x00000000dd100000, 0x00000000eab00000)
  object space 476160K, 99% used [0x00000000c0000000,0x00000000dd0f7788,0x00000000dd100000)
 Metaspace       used 59972K, committed 61376K, reserved 1114112K
  class space    used 6223K, committed 6784K, reserved 1048576K
}

