# JRE version: OpenJDK Runtime Environment Temurin-21.0.6+7 (21.0.6+7) (build 21.0.6+7-LTS)
# Java VM: OpenJDK 64-Bit Server VM Temurin-21.0.6+7 (21.0.6+7-LTS, mixed mode, sharing, tiered, compressed oops, compressed class ptrs, parallel gc, windows-amd64)
GC Precious Log:
 CardTable entry size: 512
 CPUs: 4 total, 4 available
 Memory: 3982M
 Large Page Support: Disabled
 NUMA Support: Disabled
 Compressed Oops: Enabled (32-bit)
 Alignments: Space 512K, Generation 512K, Heap 2M
 Heap Min Capacity: 100M
 Heap Initial Capacity: 100M
 Heap Max Capacity: 1G
 Pre-touch: Disabled
 Parallel Workers: 4
Heap:
 PSYoungGen      total 2560K, used 2427K [0x00000000eab00000, 0x00000000eae00000, 0x0000000100000000)
  eden space 2048K, 95% used [0x00000000eab00000,0x00000000eace6eb8,0x00000000ead00000)
  from space 512K, 93% used [0x00000000ead00000,0x00000000ead78000,0x00000000ead80000)
  to   space 512K, 0% used [0x00000000ead80000,0x00000000ead80000,0x00000000eae00000)
 ParOldGen       total 397824K, used 397475K [0x00000000c0000000, 0x00000000d8480000, 0x00000000eab00000)
  object space 397824K, 99% used [0x00000000c0000000,0x00000000d8428e00,0x00000000d8480000)
 Metaspace       used 59893K, committed 61248K, reserved 1114112K
  class space    used 6221K, committed 6784K, reserved 1048576K
GC Heap History (20 events):
Event: 43.409 GC heap before
{Heap before GC invocations=497 (full 3):
 PSYoungGen      total 2560K, used 2444K [0x00000000eab00000, 0x00000000eae00000, 0x0000000100000000)
  eden space 2048K, 100% used [0x00000000eab00000,0x00000000ead00000,0x00000000ead00000)
  from space 512K, 77% used [0x00000000ead00000,0x00000000ead63008,0x00000000ead80000)
  to   space 512K, 0% used [0x00000000ead80000,0x00000000ead80000,0x00000000eae00000)
 ParOldGen       total 395264K, used 394968K [0x00000000c0000000, 0x00000000d8200000, 0x00000000eab00000)
  object space 395264K, 99% used [0x00000000c0000000,0x00000000d81b62f0,0x00000000d8200000)
 Metaspace       used 59892K, committed 61248K, reserved 1114112K
  class space    used 6221K, committed 6784K, reserved 1048576K
}
Event: 43.411 GC heap after
{Heap after GC invocations=497 (full 3):
 PSYoungGen      total 2560K, used 288K [0x00000000eab00000, 0x00000000eae00000, 0x0000000100000000)
  eden space 2048K, 0% used [0x00000000eab00000,0x00000000eab00000,0x00000000ead00000)
  from space 512K, 56% used [0x00000000ead80000,0x00000000eadc8000,0x00000000eae00000)
  to   space 512K, 0% used [0x00000000ead00000,0x00000000ead00000,0x00000000ead80000)
 ParOldGen       total 395776K, used 395300K [0x00000000c0000000, 0x00000000d8280000, 0x00000000eab00000)
  object space 395776K, 99% used [0x00000000c0000000,0x00000000d82092f8,0x00000000d8280000)
 Metaspace       used 59892K, committed 61248K, reserved 1114112K
  class space    used 6221K, committed 6784K, reserved 1048576K
}
Event: 43.430 GC heap before
{Heap before GC invocations=498 (full 3):
 PSYoungGen      total 2560K, used 2330K [0x00000000eab00000, 0x00000000eae00000, 0x0000000100000000)
  eden space 2048K, 99% used [0x00000000eab00000,0x00000000eacfeae8,0x00000000ead00000)
  from space 512K, 56% used [0x00000000ead80000,0x00000000eadc8000,0x00000000eae00000)
  to   space 512K, 0% used [0x00000000ead00000,0x00000000ead00000,0x00000000ead80000)
 ParOldGen       total 395776K, used 395300K [0x00000000c0000000, 0x00000000d8280000, 0x00000000eab00000)
  object space 395776K, 99% used [0x00000000c0000000,0x00000000d82092f8,0x00000000d8280000)
 Metaspace       used 59892K, committed 61248K, reserved 1114112K
  class space    used 6221K, committed 6784K, reserved 1048576K
}
Event: 43.431 GC heap after
{Heap after GC invocations=498 (full 3):
 PSYoungGen      total 2560K, used 320K [0x00000000eab00000, 0x00000000eae00000, 0x0000000100000000)
  eden space 2048K, 0% used [0x00000000eab00000,0x00000000eab00000,0x00000000ead00000)
  from space 512K, 62% used [0x00000000ead00000,0x00000000ead50000,0x00000000ead80000)
  to   space 512K, 0% used [0x00000000ead80000,0x00000000ead80000,0x00000000eae00000)
 ParOldGen       total 395776K, used 395532K [0x00000000c0000000, 0x00000000d8280000, 0x00000000eab00000)
  object space 395776K, 99% used [0x00000000c0000000,0x00000000d82432f8,0x00000000d8280000)
 Metaspace       used 59892K, committed 61248K, reserved 1114112K
  class space    used 6221K, committed 6784K, reserved 1048576K
}
Event: 43.451 GC heap before
{Heap before GC invocations=499 (full 3):
 PSYoungGen      total 2560K, used 2368K [0x00000000eab00000, 0x00000000eae00000, 0x0000000100000000)
  eden space 2048K, 100% used [0x00000000eab00000,0x00000000ead00000,0x00000000ead00000)
  from space 512K, 62% used [0x00000000ead00000,0x00000000ead50000,0x00000000ead80000)
  to   space 512K, 0% used [0x00000000ead80000,0x00000000ead80000,0x00000000eae00000)
 ParOldGen       total 395776K, used 395532K [0x00000000c0000000, 0x00000000d8280000, 0x00000000eab00000)
  object space 395776K, 99% used [0x00000000c0000000,0x00000000d82432f8,0x00000000d8280000)
 Metaspace       used 59892K, committed 61248K, reserved 1114112K
  class space    used 6221K, committed 6784K, reserved 1048576K
}
Event: 43.453 GC heap after
{Heap after GC invocations=499 (full 3):
 PSYoungGen      total 2560K, used 320K [0x00000000eab00000, 0x00000000eae00000, 0x0000000100000000)
  eden space 2048K, 0% used [0x00000000eab00000,0x00000000eab00000,0x00000000ead00000)
  from space 512K, 62% used [0x00000000ead80000,0x00000000eadd0000,0x00000000eae00000)
  to   space 512K, 0% used [0x00000000ead00000,0x00000000ead00000,0x00000000ead80000)
 ParOldGen       total 396288K, used 395796K [0x00000000c0000000, 0x00000000d8300000, 0x00000000eab00000)
  object space 396288K, 99% used [0x00000000c0000000,0x00000000d82852f8,0x00000000d8300000)
 Metaspace       used 59892K, committed 61248K, reserved 1114112K
  class space    used 6221K, committed 6784K, reserved 1048576K
}
Event: 43.469 GC heap before
{Heap before GC invocations=500 (full 3):
 PSYoungGen      total 2560K, used 2368K [0x00000000eab00000, 0x00000000eae00000, 0x0000000100000000)
  eden space 2048K, 100% used [0x00000000eab00000,0x00000000ead00000,0x00000000ead00000)
  from space 512K, 62% used [0x00000000ead80000,0x00000000eadd0000,0x00000000eae00000)
  to   space 512K, 0% used [0x00000000ead00000,0x00000000ead00000,0x00000000ead80000)
 ParOldGen       total 396288K, used 395796K [0x00000000c0000000, 0x00000000d8300000, 0x00000000eab00000)
  object space 396288K, 99% used [0x00000000c0000000,0x00000000d82852f8,0x00000000d8300000)
 Metaspace       used 59892K, committed 61248K, reserved 1114112K
  class space    used 6221K, committed 6784K, reserved 1048576K
}
Event: 43.471 GC heap after
{Heap after GC invocations=500 (full 3):
 PSYoungGen      total 2560K, used 352K [0x00000000eab00000, 0x00000000eae00000, 0x0000000100000000)
  eden space 2048K, 0% used [0x00000000eab00000,0x00000000eab00000,0x00000000ead00000)
  from space 512K, 68% used [0x00000000ead00000,0x00000000ead58000,0x00000000ead80000)
  to   space 512K, 0% used [0x00000000ead80000,0x00000000ead80000,0x00000000eae00000)
 ParOldGen       total 396288K, used 396044K [0x00000000c0000000, 0x00000000d8300000, 0x00000000eab00000)
  object space 396288K, 99% used [0x00000000c0000000,0x00000000d82c32f8,0x00000000d8300000)
 Metaspace       used 59892K, committed 61248K, reserved 1114112K
  class space    used 6221K, committed 6784K, reserved 1048576K
}
Event: 43.491 GC heap before
{Heap before GC invocations=501 (full 3):
 PSYoungGen      total 2560K, used 2400K [0x00000000eab00000, 0x00000000eae00000, 0x0000000100000000)
  eden space 2048K, 100% used [0x00000000eab00000,0x00000000ead00000,0x00000000ead00000)
  from space 512K, 68% used [0x00000000ead00000,0x00000000ead58000,0x00000000ead80000)
  to   space 512K, 0% used [0x00000000ead80000,0x00000000ead80000,0x00000000eae00000)
 ParOldGen       total 396288K, used 396044K [0x00000000c0000000, 0x00000000d8300000, 0x00000000eab00000)
  object space 396288K, 99% used [0x00000000c0000000,0x00000000d82c32f8,0x00000000d8300000)
 Metaspace       used 59893K, committed 61248K, reserved 1114112K
  class space    used 6221K, committed 6784K, reserved 1048576K
}
Event: 43.493 GC heap after
{Heap after GC invocations=501 (full 3):
 PSYoungGen      total 2560K, used 256K [0x00000000eab00000, 0x00000000eae00000, 0x0000000100000000)
  eden space 2048K, 0% used [0x00000000eab00000,0x00000000eab00000,0x00000000ead00000)
  from space 512K, 50% used [0x00000000ead80000,0x00000000eadc0000,0x00000000eae00000)
  to   space 512K, 0% used [0x00000000ead00000,0x00000000ead00000,0x00000000ead80000)
 ParOldGen       total 396800K, used 396307K [0x00000000c0000000, 0x00000000d8380000, 0x00000000eab00000)
  object space 396800K, 99% used [0x00000000c0000000,0x00000000d8304e00,0x00000000d8380000)
 Metaspace       used 59893K, committed 61248K, reserved 1114112K
  class space    used 6221K, committed 6784K, reserved 1048576K
}
Event: 43.508 GC heap before
{Heap before GC invocations=502 (full 3):
 PSYoungGen      total 2560K, used 2304K [0x00000000eab00000, 0x00000000eae00000, 0x0000000100000000)
  eden space 2048K, 100% used [0x00000000eab00000,0x00000000ead00000,0x00000000ead00000)
  from space 512K, 50% used [0x00000000ead80000,0x00000000eadc0000,0x00000000eae00000)
  to   space 512K, 0% used [0x00000000ead00000,0x00000000ead00000,0x00000000ead80000)
 ParOldGen       total 396800K, used 396307K [0x00000000c0000000, 0x00000000d8380000, 0x00000000eab00000)
  object space 396800K, 99% used [0x00000000c0000000,0x00000000d8304e00,0x00000000d8380000)
 Metaspace       used 59893K, committed 61248K, reserved 1114112K
  class space    used 6221K, committed 6784K, reserved 1048576K
}
Event: 43.511 GC heap after
{Heap after GC invocations=502 (full 3):
 PSYoungGen      total 2560K, used 320K [0x00000000eab00000, 0x00000000eae00000, 0x0000000100000000)
  eden space 2048K, 0% used [0x00000000eab00000,0x00000000eab00000,0x00000000ead00000)
  from space 512K, 62% used [0x00000000ead00000,0x00000000ead50000,0x00000000ead80000)
  to   space 512K, 0% used [0x00000000ead80000,0x00000000ead80000,0x00000000eae00000)
 ParOldGen       total 396800K, used 396547K [0x00000000c0000000, 0x00000000d8380000, 0x00000000eab00000)
  object space 396800K, 99% used [0x00000000c0000000,0x00000000d8340e00,0x00000000d8380000)
 Metaspace       used 59893K, committed 61248K, reserved 1114112K
  class space    used 6221K, committed 6784K, reserved 1048576K
}
Event: 43.527 GC heap before
{Heap before GC invocations=503 (full 3):
 PSYoungGen      total 2560K, used 2368K [0x00000000eab00000, 0x00000000eae00000, 0x0000000100000000)
  eden space 2048K, 100% used [0x00000000eab00000,0x00000000ead00000,0x00000000ead00000)
  from space 512K, 62% used [0x00000000ead00000,0x00000000ead50000,0x00000000ead80000)
  to   space 512K, 0% used [0x00000000ead80000,0x00000000ead80000,0x00000000eae00000)
 ParOldGen       total 396800K, used 396547K [0x00000000c0000000, 0x00000000d8380000, 0x00000000eab00000)
  object space 396800K, 99% used [0x00000000c0000000,0x00000000d8340e00,0x00000000d8380000)
 Metaspace       used 59893K, committed 61248K, reserved 1114112K
  class space    used 6221K, committed 6784K, reserved 1048576K
}
Event: 43.530 GC heap after
{Heap after GC invocations=503 (full 3):
 PSYoungGen      total 2560K, used 288K [0x00000000eab00000, 0x00000000eae00000, 0x0000000100000000)
  eden space 2048K, 0% used [0x00000000eab00000,0x00000000eab00000,0x00000000ead00000)
  from space 512K, 56% used [0x00000000ead80000,0x00000000eadc8000,0x00000000eae00000)
  to   space 512K, 0% used [0x00000000ead00000,0x00000000ead00000,0x00000000ead80000)
 ParOldGen       total 397312K, used 396803K [0x00000000c0000000, 0x00000000d8400000, 0x00000000eab00000)
  object space 397312K, 99% used [0x00000000c0000000,0x00000000d8380e00,0x00000000d8400000)
 Metaspace       used 59893K, committed 61248K, reserved 1114112K
  class space    used 6221K, committed 6784K, reserved 1048576K
}
Event: 43.562 GC heap before
{Heap before GC invocations=504 (full 3):
 PSYoungGen      total 2560K, used 2336K [0x00000000eab00000, 0x00000000eae00000, 0x0000000100000000)
  eden space 2048K, 100% used [0x00000000eab00000,0x00000000ead00000,0x00000000ead00000)
  from space 512K, 56% used [0x00000000ead80000,0x00000000eadc8000,0x00000000eae00000)
  to   space 512K, 0% used [0x00000000ead00000,0x00000000ead00000,0x00000000ead80000)
 ParOldGen       total 397312K, used 396803K [0x00000000c0000000, 0x00000000d8400000, 0x00000000eab00000)
  object space 397312K, 99% used [0x00000000c0000000,0x00000000d8380e00,0x00000000d8400000)
 Metaspace       used 59893K, committed 61248K, reserved 1114112K
  class space    used 6221K, committed 6784K, reserved 1048576K
}
Event: 43.565 GC heap after
{Heap after GC invocations=504 (full 3):
 PSYoungGen      total 2560K, used 256K [0x00000000eab00000, 0x00000000eae00000, 0x0000000100000000)
  eden space 2048K, 0% used [0x00000000eab00000,0x00000000eab00000,0x00000000ead00000)
  from space 512K, 50% used [0x00000000ead00000,0x00000000ead40000,0x00000000ead80000)
  to   space 512K, 0% used [0x00000000ead80000,0x00000000ead80000,0x00000000eae00000)
 ParOldGen       total 397312K, used 397043K [0x00000000c0000000, 0x00000000d8400000, 0x00000000eab00000)
  object space 397312K, 99% used [0x00000000c0000000,0x00000000d83bce00,0x00000000d8400000)
 Metaspace       used 59893K, committed 61248K, reserved 1114112K
  class space    used 6221K, committed 6784K, reserved 1048576K
}
Event: 43.581 GC heap before
{Heap before GC invocations=505 (full 3):
 PSYoungGen      total 2560K, used 2304K [0x00000000eab00000, 0x00000000eae00000, 0x0000000100000000)
  eden space 2048K, 100% used [0x00000000eab00000,0x00000000ead00000,0x00000000ead00000)
  from space 512K, 50% used [0x00000000ead00000,0x00000000ead40000,0x00000000ead80000)
  to   space 512K, 0% used [0x00000000ead80000,0x00000000ead80000,0x00000000eae00000)
 ParOldGen       total 397312K, used 397043K [0x00000000c0000000, 0x00000000d8400000, 0x00000000eab00000)
  object space 397312K, 99% used [0x00000000c0000000,0x00000000d83bce00,0x00000000d8400000)
 Metaspace       used 59893K, committed 61248K, reserved 1114112K
  class space    used 6221K, committed 6784K, reserved 1048576K
}
Event: 43.584 GC heap after
{Heap after GC invocations=505 (full 3):
 PSYoungGen      total 2560K, used 438K [0x00000000eab00000, 0x00000000eae00000, 0x0000000100000000)
  eden space 2048K, 0% used [0x00000000eab00000,0x00000000eab00000,0x00000000ead00000)
  from space 512K, 85% used [0x00000000ead80000,0x00000000eadeda08,0x00000000eae00000)
  to   space 512K, 0% used [0x00000000ead00000,0x00000000ead00000,0x00000000ead80000)
 ParOldGen       total 397312K, used 397275K [0x00000000c0000000, 0x00000000d8400000, 0x00000000eab00000)
  object space 397312K, 99% used [0x00000000c0000000,0x00000000d83f6e00,0x00000000d8400000)
 Metaspace       used 59893K, committed 61248K, reserved 1114112K
  class space    used 6221K, committed 6784K, reserved 1048576K
}
Event: 43.611 GC heap before
{Heap before GC invocations=506 (full 3):
 PSYoungGen      total 2560K, used 2486K [0x00000000eab00000, 0x00000000eae00000, 0x0000000100000000)
  eden space 2048K, 100% used [0x00000000eab00000,0x00000000ead00000,0x00000000ead00000)
  from space 512K, 85% used [0x00000000ead80000,0x00000000eadeda08,0x00000000eae00000)
  to   space 512K, 0% used [0x00000000ead00000,0x00000000ead00000,0x00000000ead80000)
 ParOldGen       total 397312K, used 397275K [0x00000000c0000000, 0x00000000d8400000, 0x00000000eab00000)
  object space 397312K, 99% used [0x00000000c0000000,0x00000000d83f6e00,0x00000000d8400000)
 Metaspace       used 59893K, committed 61248K, reserved 1114112K
  class space    used 6221K, committed 6784K, reserved 1048576K
}
Event: 43.614 GC heap after
{Heap after GC invocations=506 (full 3):
 PSYoungGen      total 2560K, used 480K [0x00000000eab00000, 0x00000000eae00000, 0x0000000100000000)
  eden space 2048K, 0% used [0x00000000eab00000,0x00000000eab00000,0x00000000ead00000)
  from space 512K, 93% used [0x00000000ead00000,0x00000000ead78000,0x00000000ead80000)
  to   space 512K, 0% used [0x00000000ead80000,0x00000000ead80000,0x00000000eae00000)
 ParOldGen       total 397824K, used 397475K [0x00000000c0000000, 0x00000000d8480000, 0x00000000eab00000)
  object space 397824K, 99% used [0x00000000c0000000,0x00000000d8428e00,0x00000000d8480000)
 Metaspace       used 59893K, committed 61248K, reserved 1114112K
  class space    used 6221K, committed 6784K, reserved 1048576K
}

