# JRE version: OpenJDK Runtime Environment Temurin-21.0.6+7 (21.0.6+7) (build 21.0.6+7-LTS)
# Java VM: OpenJDK 64-Bit Server VM Temurin-21.0.6+7 (21.0.6+7-LTS, mixed mode, sharing, tiered, compressed oops, compressed class ptrs, parallel gc, windows-amd64)
GC Precious Log:
 CardTable entry size: 512
 CPUs: 4 total, 4 available
 Memory: 3982M
 Large Page Support: Disabled
 NUMA Support: Disabled
 Compressed Oops: Enabled (32-bit)
 Alignments: Space 512K, Generation 512K, Heap 2M
 Heap Min Capacity: 100M
 Heap Initial Capacity: 100M
 Heap Max Capacity: 1G
 Pre-touch: Disabled
 Parallel Workers: 4
Heap:
 PSYoungGen      total 4096K, used 2543K [0x00000000eab00000, 0x00000000eb100000, 0x0000000100000000)
  eden space 2048K, 45% used [0x00000000eab00000,0x00000000eabe6768,0x00000000ead00000)
  from space 2048K, 79% used [0x00000000eaf00000,0x00000000eb095808,0x00000000eb100000)
  to   space 2048K, 0% used [0x00000000ead00000,0x00000000ead00000,0x00000000eaf00000)
 ParOldGen       total 367104K, used 366765K [0x00000000c0000000, 0x00000000d6680000, 0x00000000eab00000)
  object space 367104K, 99% used [0x00000000c0000000,0x00000000d662b5f0,0x00000000d6680000)
 Metaspace       used 59874K, committed 61248K, reserved 1114112K
  class space    used 6223K, committed 6848K, reserved 1048576K
GC Heap History (20 events):
Event: 64.404 GC heap before
{Heap before GC invocations=411 (full 4):
 PSYoungGen      total 3584K, used 3512K [0x00000000eab00000, 0x00000000eb000000, 0x0000000100000000)
  eden space 2048K, 100% used [0x00000000eab00000,0x00000000ead00000,0x00000000ead00000)
  from space 1536K, 95% used [0x00000000eae80000,0x00000000eafee1d8,0x00000000eb000000)
  to   space 1536K, 0% used [0x00000000ead00000,0x00000000ead00000,0x00000000eae80000)
 ParOldGen       total 365568K, used 365405K [0x00000000c0000000, 0x00000000d6500000, 0x00000000eab00000)
  object space 365568K, 99% used [0x00000000c0000000,0x00000000d64d7438,0x00000000d6500000)
 Metaspace       used 59870K, committed 61248K, reserved 1114112K
  class space    used 6223K, committed 6848K, reserved 1048576K
}
Event: 64.408 GC heap after
{Heap after GC invocations=411 (full 4):
 PSYoungGen      total 3584K, used 844K [0x00000000eab00000, 0x00000000eb000000, 0x0000000100000000)
  eden space 2048K, 0% used [0x00000000eab00000,0x00000000eab00000,0x00000000ead00000)
  from space 1536K, 54% used [0x00000000ead00000,0x00000000eadd3008,0x00000000eae80000)
  to   space 1536K, 0% used [0x00000000eae80000,0x00000000eae80000,0x00000000eb000000)
 ParOldGen       total 365568K, used 365405K [0x00000000c0000000, 0x00000000d6500000, 0x00000000eab00000)
  object space 365568K, 99% used [0x00000000c0000000,0x00000000d64d7438,0x00000000d6500000)
 Metaspace       used 59870K, committed 61248K, reserved 1114112K
  class space    used 6223K, committed 6848K, reserved 1048576K
}
Event: 64.453 GC heap before
{Heap before GC invocations=412 (full 4):
 PSYoungGen      total 3584K, used 2892K [0x00000000eab00000, 0x00000000eb000000, 0x0000000100000000)
  eden space 2048K, 100% used [0x00000000eab00000,0x00000000ead00000,0x00000000ead00000)
  from space 1536K, 54% used [0x00000000ead00000,0x00000000eadd3008,0x00000000eae80000)
  to   space 1536K, 0% used [0x00000000eae80000,0x00000000eae80000,0x00000000eb000000)
 ParOldGen       total 365568K, used 365405K [0x00000000c0000000, 0x00000000d6500000, 0x00000000eab00000)
  object space 365568K, 99% used [0x00000000c0000000,0x00000000d64d7438,0x00000000d6500000)
 Metaspace       used 59870K, committed 61248K, reserved 1114112K
  class space    used 6223K, committed 6848K, reserved 1048576K
}
Event: 64.455 GC heap after
{Heap after GC invocations=412 (full 4):
 PSYoungGen      total 3584K, used 1068K [0x00000000eab00000, 0x00000000eb000000, 0x0000000100000000)
  eden space 2048K, 0% used [0x00000000eab00000,0x00000000eab00000,0x00000000ead00000)
  from space 1536K, 69% used [0x00000000eae80000,0x00000000eaf8b008,0x00000000eb000000)
  to   space 1536K, 0% used [0x00000000ead00000,0x00000000ead00000,0x00000000eae80000)
 ParOldGen       total 365568K, used 365405K [0x00000000c0000000, 0x00000000d6500000, 0x00000000eab00000)
  object space 365568K, 99% used [0x00000000c0000000,0x00000000d64d7438,0x00000000d6500000)
 Metaspace       used 59870K, committed 61248K, reserved 1114112K
  class space    used 6223K, committed 6848K, reserved 1048576K
}
Event: 64.639 GC heap before
{Heap before GC invocations=413 (full 4):
 PSYoungGen      total 3584K, used 3116K [0x00000000eab00000, 0x00000000eb000000, 0x0000000100000000)
  eden space 2048K, 100% used [0x00000000eab00000,0x00000000ead00000,0x00000000ead00000)
  from space 1536K, 69% used [0x00000000eae80000,0x00000000eaf8b008,0x00000000eb000000)
  to   space 1536K, 0% used [0x00000000ead00000,0x00000000ead00000,0x00000000eae80000)
 ParOldGen       total 365568K, used 365405K [0x00000000c0000000, 0x00000000d6500000, 0x00000000eab00000)
  object space 365568K, 99% used [0x00000000c0000000,0x00000000d64d7438,0x00000000d6500000)
 Metaspace       used 59871K, committed 61248K, reserved 1114112K
  class space    used 6223K, committed 6848K, reserved 1048576K
}
Event: 64.641 GC heap after
{Heap after GC invocations=413 (full 4):
 PSYoungGen      total 3584K, used 1004K [0x00000000eab00000, 0x00000000eb000000, 0x0000000100000000)
  eden space 2048K, 0% used [0x00000000eab00000,0x00000000eab00000,0x00000000ead00000)
  from space 1536K, 65% used [0x00000000ead00000,0x00000000eadfb008,0x00000000eae80000)
  to   space 1536K, 0% used [0x00000000eae80000,0x00000000eae80000,0x00000000eb000000)
 ParOldGen       total 365568K, used 365405K [0x00000000c0000000, 0x00000000d6500000, 0x00000000eab00000)
  object space 365568K, 99% used [0x00000000c0000000,0x00000000d64d7438,0x00000000d6500000)
 Metaspace       used 59871K, committed 61248K, reserved 1114112K
  class space    used 6223K, committed 6848K, reserved 1048576K
}
Event: 64.807 GC heap before
{Heap before GC invocations=414 (full 4):
 PSYoungGen      total 3584K, used 3052K [0x00000000eab00000, 0x00000000eb000000, 0x0000000100000000)
  eden space 2048K, 100% used [0x00000000eab00000,0x00000000ead00000,0x00000000ead00000)
  from space 1536K, 65% used [0x00000000ead00000,0x00000000eadfb008,0x00000000eae80000)
  to   space 1536K, 0% used [0x00000000eae80000,0x00000000eae80000,0x00000000eb000000)
 ParOldGen       total 365568K, used 365405K [0x00000000c0000000, 0x00000000d6500000, 0x00000000eab00000)
  object space 365568K, 99% used [0x00000000c0000000,0x00000000d64d7438,0x00000000d6500000)
 Metaspace       used 59874K, committed 61248K, reserved 1114112K
  class space    used 6223K, committed 6848K, reserved 1048576K
}
Event: 64.816 GC heap after
{Heap after GC invocations=414 (full 4):
 PSYoungGen      total 3584K, used 1264K [0x00000000eab00000, 0x00000000eb000000, 0x0000000100000000)
  eden space 2048K, 0% used [0x00000000eab00000,0x00000000eab00000,0x00000000ead00000)
  from space 1536K, 82% used [0x00000000eae80000,0x00000000eafbc1b8,0x00000000eb000000)
  to   space 1536K, 0% used [0x00000000ead00000,0x00000000ead00000,0x00000000eae80000)
 ParOldGen       total 365568K, used 365405K [0x00000000c0000000, 0x00000000d6500000, 0x00000000eab00000)
  object space 365568K, 99% used [0x00000000c0000000,0x00000000d64d7438,0x00000000d6500000)
 Metaspace       used 59874K, committed 61248K, reserved 1114112K
  class space    used 6223K, committed 6848K, reserved 1048576K
}
Event: 64.874 GC heap before
{Heap before GC invocations=415 (full 4):
 PSYoungGen      total 3584K, used 3312K [0x00000000eab00000, 0x00000000eb000000, 0x0000000100000000)
  eden space 2048K, 100% used [0x00000000eab00000,0x00000000ead00000,0x00000000ead00000)
  from space 1536K, 82% used [0x00000000eae80000,0x00000000eafbc1b8,0x00000000eb000000)
  to   space 1536K, 0% used [0x00000000ead00000,0x00000000ead00000,0x00000000eae80000)
 ParOldGen       total 365568K, used 365405K [0x00000000c0000000, 0x00000000d6500000, 0x00000000eab00000)
  object space 365568K, 99% used [0x00000000c0000000,0x00000000d64d7438,0x00000000d6500000)
 Metaspace       used 59874K, committed 61248K, reserved 1114112K
  class space    used 6223K, committed 6848K, reserved 1048576K
}
Event: 64.885 GC heap after
{Heap after GC invocations=415 (full 4):
 PSYoungGen      total 3584K, used 1520K [0x00000000eab00000, 0x00000000eb100000, 0x0000000100000000)
  eden space 2048K, 0% used [0x00000000eab00000,0x00000000eab00000,0x00000000ead00000)
  from space 1536K, 98% used [0x00000000ead00000,0x00000000eae7c1b8,0x00000000eae80000)
  to   space 2048K, 0% used [0x00000000eaf00000,0x00000000eaf00000,0x00000000eb100000)
 ParOldGen       total 365568K, used 365413K [0x00000000c0000000, 0x00000000d6500000, 0x00000000eab00000)
  object space 365568K, 99% used [0x00000000c0000000,0x00000000d64d9438,0x00000000d6500000)
 Metaspace       used 59874K, committed 61248K, reserved 1114112K
  class space    used 6223K, committed 6848K, reserved 1048576K
}
Event: 64.935 GC heap before
{Heap before GC invocations=416 (full 4):
 PSYoungGen      total 3584K, used 3568K [0x00000000eab00000, 0x00000000eb100000, 0x0000000100000000)
  eden space 2048K, 100% used [0x00000000eab00000,0x00000000ead00000,0x00000000ead00000)
  from space 1536K, 98% used [0x00000000ead00000,0x00000000eae7c1b8,0x00000000eae80000)
  to   space 2048K, 0% used [0x00000000eaf00000,0x00000000eaf00000,0x00000000eb100000)
 ParOldGen       total 365568K, used 365413K [0x00000000c0000000, 0x00000000d6500000, 0x00000000eab00000)
  object space 365568K, 99% used [0x00000000c0000000,0x00000000d64d9438,0x00000000d6500000)
 Metaspace       used 59874K, committed 61248K, reserved 1114112K
  class space    used 6223K, committed 6848K, reserved 1048576K
}
Event: 64.938 GC heap after
{Heap after GC invocations=416 (full 4):
 PSYoungGen      total 3584K, used 1279K [0x00000000eab00000, 0x00000000eb080000, 0x0000000100000000)
  eden space 2048K, 0% used [0x00000000eab00000,0x00000000eab00000,0x00000000ead00000)
  from space 1536K, 83% used [0x00000000eaf00000,0x00000000eb03fdb8,0x00000000eb080000)
  to   space 1536K, 0% used [0x00000000ead00000,0x00000000ead00000,0x00000000eae80000)
 ParOldGen       total 366080K, used 365953K [0x00000000c0000000, 0x00000000d6580000, 0x00000000eab00000)
  object space 366080K, 99% used [0x00000000c0000000,0x00000000d6560440,0x00000000d6580000)
 Metaspace       used 59874K, committed 61248K, reserved 1114112K
  class space    used 6223K, committed 6848K, reserved 1048576K
}
Event: 65.035 GC heap before
{Heap before GC invocations=417 (full 4):
 PSYoungGen      total 3584K, used 3327K [0x00000000eab00000, 0x00000000eb080000, 0x0000000100000000)
  eden space 2048K, 100% used [0x00000000eab00000,0x00000000ead00000,0x00000000ead00000)
  from space 1536K, 83% used [0x00000000eaf00000,0x00000000eb03fdb8,0x00000000eb080000)
  to   space 1536K, 0% used [0x00000000ead00000,0x00000000ead00000,0x00000000eae80000)
 ParOldGen       total 366080K, used 365953K [0x00000000c0000000, 0x00000000d6580000, 0x00000000eab00000)
  object space 366080K, 99% used [0x00000000c0000000,0x00000000d6560440,0x00000000d6580000)
 Metaspace       used 59874K, committed 61248K, reserved 1114112K
  class space    used 6223K, committed 6848K, reserved 1048576K
}
Event: 65.037 GC heap after
{Heap after GC invocations=417 (full 4):
 PSYoungGen      total 3584K, used 1485K [0x00000000eab00000, 0x00000000eb000000, 0x0000000100000000)
  eden space 2048K, 0% used [0x00000000eab00000,0x00000000eab00000,0x00000000ead00000)
  from space 1536K, 96% used [0x00000000ead00000,0x00000000eae73470,0x00000000eae80000)
  to   space 1536K, 0% used [0x00000000eae80000,0x00000000eae80000,0x00000000eb000000)
 ParOldGen       total 366080K, used 365953K [0x00000000c0000000, 0x00000000d6580000, 0x00000000eab00000)
  object space 366080K, 99% used [0x00000000c0000000,0x00000000d6560440,0x00000000d6580000)
 Metaspace       used 59874K, committed 61248K, reserved 1114112K
  class space    used 6223K, committed 6848K, reserved 1048576K
}
Event: 65.102 GC heap before
{Heap before GC invocations=418 (full 4):
 PSYoungGen      total 3584K, used 3520K [0x00000000eab00000, 0x00000000eb000000, 0x0000000100000000)
  eden space 2048K, 99% used [0x00000000eab00000,0x00000000eacfcc68,0x00000000ead00000)
  from space 1536K, 96% used [0x00000000ead00000,0x00000000eae73470,0x00000000eae80000)
  to   space 1536K, 0% used [0x00000000eae80000,0x00000000eae80000,0x00000000eb000000)
 ParOldGen       total 366080K, used 365953K [0x00000000c0000000, 0x00000000d6580000, 0x00000000eab00000)
  object space 366080K, 99% used [0x00000000c0000000,0x00000000d6560440,0x00000000d6580000)
 Metaspace       used 59874K, committed 61248K, reserved 1114112K
  class space    used 6223K, committed 6848K, reserved 1048576K
}
Event: 65.105 GC heap after
{Heap after GC invocations=418 (full 4):
 PSYoungGen      total 3072K, used 1517K [0x00000000eab00000, 0x00000000eb100000, 0x0000000100000000)
  eden space 1536K, 0% used [0x00000000eab00000,0x00000000eab00000,0x00000000eac80000)
  from space 1536K, 98% used [0x00000000eae80000,0x00000000eaffb470,0x00000000eb000000)
  to   space 2048K, 0% used [0x00000000eac80000,0x00000000eac80000,0x00000000eae80000)
 ParOldGen       total 366592K, used 366089K [0x00000000c0000000, 0x00000000d6600000, 0x00000000eab00000)
  object space 366592K, 99% used [0x00000000c0000000,0x00000000d6582440,0x00000000d6600000)
 Metaspace       used 59874K, committed 61248K, reserved 1114112K
  class space    used 6223K, committed 6848K, reserved 1048576K
}
Event: 65.141 GC heap before
{Heap before GC invocations=419 (full 4):
 PSYoungGen      total 3072K, used 3049K [0x00000000eab00000, 0x00000000eb100000, 0x0000000100000000)
  eden space 1536K, 99% used [0x00000000eab00000,0x00000000eac7f1a8,0x00000000eac80000)
  from space 1536K, 98% used [0x00000000eae80000,0x00000000eaffb470,0x00000000eb000000)
  to   space 2048K, 0% used [0x00000000eac80000,0x00000000eac80000,0x00000000eae80000)
 ParOldGen       total 366592K, used 366089K [0x00000000c0000000, 0x00000000d6600000, 0x00000000eab00000)
  object space 366592K, 99% used [0x00000000c0000000,0x00000000d6582440,0x00000000d6600000)
 Metaspace       used 59874K, committed 61248K, reserved 1114112K
  class space    used 6223K, committed 6848K, reserved 1048576K
}
Event: 65.149 GC heap after
{Heap after GC invocations=419 (full 4):
 PSYoungGen      total 3584K, used 1704K [0x00000000eab00000, 0x00000000eb080000, 0x0000000100000000)
  eden space 1536K, 0% used [0x00000000eab00000,0x00000000eab00000,0x00000000eac80000)
  from space 2048K, 83% used [0x00000000eac80000,0x00000000eae2a070,0x00000000eae80000)
  to   space 2048K, 0% used [0x00000000eae80000,0x00000000eae80000,0x00000000eb080000)
 ParOldGen       total 366592K, used 366137K [0x00000000c0000000, 0x00000000d6600000, 0x00000000eab00000)
  object space 366592K, 99% used [0x00000000c0000000,0x00000000d658e440,0x00000000d6600000)
 Metaspace       used 59874K, committed 61248K, reserved 1114112K
  class space    used 6223K, committed 6848K, reserved 1048576K
}
Event: 65.191 GC heap before
{Heap before GC invocations=420 (full 4):
 PSYoungGen      total 3584K, used 3239K [0x00000000eab00000, 0x00000000eb080000, 0x0000000100000000)
  eden space 1536K, 99% used [0x00000000eab00000,0x00000000eac7feb0,0x00000000eac80000)
  from space 2048K, 83% used [0x00000000eac80000,0x00000000eae2a070,0x00000000eae80000)
  to   space 2048K, 0% used [0x00000000eae80000,0x00000000eae80000,0x00000000eb080000)
 ParOldGen       total 366592K, used 366137K [0x00000000c0000000, 0x00000000d6600000, 0x00000000eab00000)
  object space 366592K, 99% used [0x00000000c0000000,0x00000000d658e440,0x00000000d6600000)
 Metaspace       used 59874K, committed 61248K, reserved 1114112K
  class space    used 6223K, committed 6848K, reserved 1048576K
}
Event: 65.203 GC heap after
{Heap after GC invocations=420 (full 4):
 PSYoungGen      total 3584K, used 1818K [0x00000000eab00000, 0x00000000eb080000, 0x0000000100000000)
  eden space 1536K, 0% used [0x00000000eab00000,0x00000000eab00000,0x00000000eac80000)
  from space 2048K, 88% used [0x00000000eae80000,0x00000000eb0469b8,0x00000000eb080000)
  to   space 2048K, 0% used [0x00000000eac80000,0x00000000eac80000,0x00000000eae80000)
 ParOldGen       total 366592K, used 366225K [0x00000000c0000000, 0x00000000d6600000, 0x00000000eab00000)
  object space 366592K, 99% used [0x00000000c0000000,0x00000000d65a4440,0x00000000d6600000)
 Metaspace       used 59874K, committed 61248K, reserved 1114112K
  class space    used 6223K, committed 6848K, reserved 1048576K
}

